\BOOKMARK [0][-]{section*.1}{Abstract}{}% 1
\BOOKMARK [0][-]{section*.3}{List of Figures}{}% 2
\BOOKMARK [0][-]{chapter.1}{Introduction}{}% 3
\BOOKMARK [1][-]{section.1.1}{The Standard Model}{chapter.1}% 4
\BOOKMARK [2][-]{subsection.1.1.1}{Fields and symmetries}{section.1.1}% 5
\BOOKMARK [2][-]{subsection.1.1.2}{Spontaneous symmetry breaking}{section.1.1}% 6
\BOOKMARK [2][-]{subsection.1.1.3}{Fermion masses}{section.1.1}% 7
\BOOKMARK [1][-]{section.1.2}{Evidence for Beyond the Standard Model physics}{chapter.1}% 8
\BOOKMARK [1][-]{section.1.3}{Portals to Beyond the Standard Model}{chapter.1}% 9
\BOOKMARK [0][-]{chapter.2}{Current aspects of neutrino physics}{}% 10
\BOOKMARK [1][-]{section.2.1}{Mass mechanisms}{chapter.2}% 11
\BOOKMARK [2][-]{subsection.2.1.1}{Conventional seesaw mechanisms}{section.2.1}% 12
\BOOKMARK [2][-]{subsection.2.1.2}{Low scale seesaw variants}{section.2.1}% 13
\BOOKMARK [2][-]{subsection.2.1.3}{Radiative masses}{section.2.1}% 14
\BOOKMARK [1][-]{section.2.2}{Neutrino mixing}{chapter.2}% 15
\BOOKMARK [2][-]{subsection.2.2.1}{Neutrino oscillations}{section.2.2}% 16
\BOOKMARK [2][-]{subsection.2.2.2}{Matter effects}{section.2.2}% 17
\BOOKMARK [1][-]{section.2.3}{Neutrinos in the laboratory}{chapter.2}% 18
\BOOKMARK [2][-]{subsection.2.3.1}{Interactions and challenges}{section.2.3}% 19
\BOOKMARK [0][-]{chapter.3}{Neutrino trident scattering}{}% 20
\BOOKMARK [1][-]{section.3.1}{History of neutrino trident production}{chapter.3}% 21
\BOOKMARK [1][-]{section.3.2}{Cross section at low energies}{chapter.3}% 22
\BOOKMARK [2][-]{subsection.3.2.1}{Hadronic Scattering Regimes}{section.3.2}% 23
\BOOKMARK [2][-]{subsection.3.2.2}{Breakdown of the EPA }{section.3.2}% 24
\BOOKMARK [2][-]{subsection.3.2.3}{Coherent versus diffractive Scattering in Trident Production}{section.3.2}% 25
\BOOKMARK [1][-]{section.3.3}{Trident Events in LAr Detectors}{chapter.3}% 26
\BOOKMARK [2][-]{subsection.3.3.1}{Event Rates}{section.3.3}% 27
\BOOKMARK [1][-]{section.3.4}{Backgrounds to tridents in LAr}{chapter.3}% 28
\BOOKMARK [1][-]{section.3.5}{Overview}{chapter.3}% 29
\BOOKMARK [0][-]{chapter.4}{New fundamental forces at DUNE}{}% 30
\BOOKMARK [1][-]{section.4.1}{Leptophilic Z models}{chapter.4}% 31
\BOOKMARK [1][-]{section.4.2}{Signatures of leptonic neutral currents}{chapter.4}% 32
\BOOKMARK [2][-]{subsection.4.2.1}{Neutrino trident scattering}{section.4.2}% 33
\BOOKMARK [2][-]{subsection.4.2.2}{Neutrino-electron scattering}{section.4.2}% 34
\BOOKMARK [2][-]{subsection.4.2.3}{Interference effects}{section.4.2}% 35
\BOOKMARK [1][-]{section.4.3}{DUNE sensitivities}{chapter.4}% 36
\BOOKMARK [2][-]{subsection.4.3.1}{Analysis techniques}{section.4.3}% 37
\BOOKMARK [2][-]{subsection.4.3.2}{Le - L }{section.4.3}% 38
\BOOKMARK [2][-]{subsection.4.3.3}{L- L }{section.4.3}% 39
\BOOKMARK [1][-]{section.4.4}{Overview}{chapter.4}% 40
\BOOKMARK [0][-]{chapter.5}{A light dark neutrino sector}{}% 41
\BOOKMARK [1][-]{section.5.1}{Interplay of multiple portals}{chapter.5}% 42
\BOOKMARK [2][-]{subsection.5.1.1}{Portal phenomenology}{section.5.1}% 43
\BOOKMARK [2][-]{subsection.5.1.2}{Dark Matter}{section.5.1}% 44
\BOOKMARK [1][-]{section.5.2}{Neutrino portal and mass generation}{chapter.5}% 45
\BOOKMARK [2][-]{subsection.5.2.1}{Radiative corrections}{section.5.2}% 46
\BOOKMARK [2][-]{subsection.5.2.2}{Searching for the mass mechanism}{section.5.2}% 47
\BOOKMARK [0][-]{chapter.6}{Testing dark neutrino explanations of MiniBooNE }{}% 48
\BOOKMARK [1][-]{section.6.1}{Dark neutrinos at MiniBooNE}{chapter.6}% 49
\BOOKMARK [1][-]{section.6.2}{Dark neutrinos in neutrino-electron scattering}{chapter.6}% 50
\BOOKMARK [2][-]{subsection.6.2.1}{MINERA and CHARM-II analyses}{section.6.2}% 51
\BOOKMARK [1][-]{section.6.3}{Results and prospects}{chapter.6}% 52
\BOOKMARK [0][-]{chapter.7}{Sterile neutrinos from stored muons}{}% 53
\BOOKMARK [1][-]{section.7.1}{STORM }{chapter.7}% 54
\BOOKMARK [2][-]{subsection.7.1.1}{3+N short-baseline oscillations}{section.7.1}% 55
\BOOKMARK [2][-]{subsection.7.1.2}{Connecting non-unitarity from heavy and light sterile neutrinos}{section.7.1}% 56
\BOOKMARK [1][-]{section.7.2}{STORM sensitivity}{chapter.7}% 57
\BOOKMARK [2][-]{subsection.7.2.1}{Systematics Implementation }{section.7.2}% 58
\BOOKMARK [2][-]{subsection.7.2.2}{Averaged Out Steriles}{section.7.2}% 59
\BOOKMARK [2][-]{subsection.7.2.3}{MUV}{section.7.2}% 60
\BOOKMARK [1][-]{section.7.3}{Overview}{chapter.7}% 61
\BOOKMARK [0][-]{chapter.8}{Conclusions}{}% 62
\BOOKMARK [0][-]{section*.107}{Appendices}{}% 63
\BOOKMARK [0][-]{Appendix.1.A}{Phase space}{}% 64
\BOOKMARK [0][-]{Appendix.1.B}{Form factors}{}% 65
\BOOKMARK [0][-]{Appendix.1.C}{Trident distributions}{}% 66
\BOOKMARK [0][-]{Appendix.1.D}{Dark neutrino self-energies}{}% 67
